<?xml version="1.0" encoding="UTF-8"?>
<!-- Generated by org.testng.reporters.JUnitReportReporter -->
<testsuite hostname="LAPTOP-KCK80MQ9" failures="0" tests="1" name="com.qa.TNTestCases.SearchProductTest" time="9.765" errors="0" timestamp="2024-01-08T22:20:04 EST" skipped="0">
  <testcase classname="com.qa.TNTestCases.SearchProductTest" name="SearchWithValidProduct" time="9.765"/>
</testsuite> <!-- com.qa.TNTestCases.SearchProductTest -->
