<?xml version="1.0" encoding="UTF-8"?>
<!-- Generated by org.testng.reporters.JUnitReportReporter -->
<testsuite hostname="LAPTOP-KCK80MQ9" failures="0" tests="1" name="com.qa.TNTestCases.AddToCartTest" time="9.264" errors="0" timestamp="2024-01-08T22:20:04 EST" skipped="0">
  <testcase classname="com.qa.TNTestCases.AddToCartTest" name="addingProductsToCart" time="9.264"/>
</testsuite> <!-- com.qa.TNTestCases.AddToCartTest -->
