<?xml version="1.0" encoding="UTF-8"?>
<!-- Generated by org.testng.reporters.JUnitReportReporter -->
<testsuite hostname="LAPTOP-KCK80MQ9" failures="0" tests="1" name="com.qa.TNTestCases.LoginTest" time="8.436" errors="0" timestamp="2024-01-08T20:48:38 EST" skipped="0">
  <testcase classname="com.qa.TNTestCases.LoginTest" name="verifyLoginWithValidCredentials" time="8.436"/>
</testsuite> <!-- com.qa.TNTestCases.LoginTest -->
